<?xml version="1.0" encoding="UTF-8"?>
<!-- Generated by org.testng.reporters.JUnitReportReporter -->
<testsuite skipped="0" hostname="LMA003531" name="Test.TestLoginFaild" tests="1" failures="0" timestamp="08 sept. 2022 15:50:00 GMT" time="3.632" errors="0">
  <testcase name="runLogin" time="3.632" classname="Test.TestLoginFaild"/>
</testsuite> <!-- Test.TestLoginFaild -->
